1582458212815	mozrunner::runner	INFO	Running command: "/Applications/Firefox.app/Contents/MacOS/firefox-bin" "-marionette" "-foreground" "-no-remote" "-profile" "/var/folders/yv/hjknytzn2t1ch0ktzyq96ghc0000gn/T/rust_mozprofilepkPs2Z"
1582458213392	addons.webextension.screenshots@mozilla.org	WARN	Loading extension 'screenshots@mozilla.org': Reading manifest: Invalid extension permission: mozillaAddons
1582458213392	addons.webextension.screenshots@mozilla.org	WARN	Loading extension 'screenshots@mozilla.org': Reading manifest: Invalid extension permission: telemetry
1582458213392	addons.webextension.screenshots@mozilla.org	WARN	Loading extension 'screenshots@mozilla.org': Reading manifest: Invalid extension permission: resource://pdf.js/
1582458213392	addons.webextension.screenshots@mozilla.org	WARN	Loading extension 'screenshots@mozilla.org': Reading manifest: Invalid extension permission: about:reader*
1582458214939	Marionette	INFO	Listening on port 50951
JavaScript error: https://www.argos.co.uk/header-assets/bundle.1195ea5a43be9581c920.js, line 1: Error: Error: Request has been terminated
Possible causes: the network is offline, Origin is not allowed by Access-Control-Allow-Origin, the page is being unloaded, etc.
JavaScript error: https://tags.tiqcdn.com/utag/argos/main/prod/utag.40.js?utv=ut4.46.202002051124, line 5: TypeError: window.fsReady is not a function
1582458223307	Marionette	INFO	Stopped listening on port 50951
[Parent 98567, Gecko_IOThread] WARNING: pipe error: Broken pipe: file /builds/worker/workspace/build/src/ipc/chromium/src/chrome/common/ipc_channel_posix.cc, line 728
[Parent 98567, Gecko_IOThread] WARNING: FileDescriptorSet destroyed with unconsumed descriptors: file /builds/worker/workspace/build/src/ipc/chromium/src/chrome/common/file_descriptor_set_posix.cc, line 23
[Parent 98567, Gecko_IOThread] WARNING: FileDescriptorSet destroyed with unconsumed descriptors: file /builds/worker/workspace/build/src/ipc/chromium/src/chrome/common/file_descriptor_set_posix.cc, line 23
[Parent 98567, Gecko_IOThread] WARNING: FileDescriptorSet destroyed with unconsumed descriptors: file /builds/worker/workspace/build/src/ipc/chromium/src/chrome/common/file_descriptor_set_posix.cc, line 23
[Parent 98567, Gecko_IOThread] WARNING: FileDescriptorSet destroyed with unconsumed descriptors: file /builds/worker/workspace/build/src/ipc/chromium/src/chrome/common/file_descriptor_set_posix.cc, line 23
[Parent 98567, Gecko_IOThread] WARNING: FileDescriptorSet destroyed with unconsumed descriptors: file /builds/worker/workspace/build/src/ipc/chromium/src/chrome/common/file_descriptor_set_posix.cc, line 23
[Parent 98567, Gecko_IOThread] WARNING: FileDescriptorSet destroyed with unconsumed descriptors: file /builds/worker/workspace/build/src/ipc/chromium/src/chrome/common/file_descriptor_set_posix.cc, line 23
[Parent 98567, Gecko_IOThread] WARNING: FileDescriptorSet destroyed with unconsumed descriptors: file /builds/worker/workspace/build/src/ipc/chromium/src/chrome/common/file_descriptor_set_posix.cc, line 23
[Parent 98567, Gecko_IOThread] WARNING: FileDescriptorSet destroyed with unconsumed descriptors: file /builds/worker/workspace/build/src/ipc/chromium/src/chrome/common/file_descriptor_set_posix.cc, line 23
[Parent 98567, Gecko_IOThread] WARNING: FileDescriptorSet destroyed with unconsumed descriptors: file /builds/worker/workspace/build/src/ipc/chromium/src/chrome/common/file_descriptor_set_posix.cc, line 23
[Parent 98567, Gecko_IOThread] WARNING: FileDescriptorSet destroyed with unconsumed descriptors: file /builds/worker/workspace/build/src/ipc/chromium/src/chrome/common/file_descriptor_set_posix.cc, line 23
[Parent 98567, Gecko_IOThread] WARNING: FileDescriptorSet destroyed with unconsumed descriptors: file /builds/worker/workspace/build/src/ipc/chromium/src/chrome/common/file_descriptor_set_posix.cc, line 23
[Parent 98567, Gecko_IOThread] WARNING: pipe error: Broken pipe: file /builds/worker/workspace/build/src/ipc/chromium/src/chrome/common/ipc_channel_posix.cc, line 728
[Parent 98567, Gecko_IOThread] WARNING: FileDescriptorSet destroyed with unconsumed descriptors: file /builds/worker/workspace/build/src/ipc/chromium/src/chrome/common/file_descriptor_set_posix.cc, line 23
